<?xml version="1.0" encoding="UTF-8"?>
<testng-results skipped="0" failed="1" ignored="0" total="1" passed="0">
  <reporter-output>
  </reporter-output>
  <suite name="Suite" duration-ms="12939" started-at="2019-11-28T07:10:49Z" finished-at="2019-11-28T07:11:02Z">
    <groups>
    </groups>
    <test name="Test2" duration-ms="106" started-at="2019-11-28T07:10:49Z" finished-at="2019-11-28T07:10:49Z">
    </test> <!-- Test2 -->
    <test name="Test1" duration-ms="12939" started-at="2019-11-28T07:10:49Z" finished-at="2019-11-28T07:11:02Z">
      <class name="com.epam.tests.CreateNewCustomer_002">
        <test-method status="PASS" signature="init(java.lang.String)[pri:0, instance:com.epam.tests.CreateNewCustomer_002@6cf0e0ba]" name="init" is-config="true" duration-ms="3884" started-at="2019-11-28T07:10:49Z" finished-at="2019-11-28T07:10:53Z">
          <params>
            <param index="0">
              <value>
                <![CDATA[chrome]]>
              </value>
            </param>
          </params>
          <reporter-output>
          </reporter-output>
        </test-method> <!-- init -->
        <test-method status="FAIL" signature="registerNewCustomer(java.util.Map)[pri:0, instance:com.epam.tests.CreateNewCustomer_002@6cf0e0ba]" name="registerNewCustomer" duration-ms="8314" started-at="2019-11-28T07:10:54Z" data-provider="CustomerData" finished-at="2019-11-28T07:11:02Z">
          <params>
            <param index="0">
              <value>
                <![CDATA[{date=25, address=Pragathi Residency, gender=male, year=2005, city=Hyderabad, mobile=6599842449, month=12, pin=500049, customerPassword=Test1234, cusromerName=fffff, state=Telangana, email=rvinod22@gmail.com}]]>
              </value>
            </param>
          </params>
          <exception class="java.lang.AssertionError">
            <message>
              <![CDATA[expected [true] but found [false]]]>
            </message>
            <full-stacktrace>
              <![CDATA[java.lang.AssertionError: expected [true] but found [false]
at org.testng.Assert.fail(Assert.java:96)
at org.testng.Assert.failNotEquals(Assert.java:776)
at org.testng.Assert.assertTrue(Assert.java:44)
at org.testng.Assert.assertTrue(Assert.java:54)
at com.epam.tests.CreateNewCustomer_002.registerNewCustomer(CreateNewCustomer_002.java:93)
at sun.reflect.NativeMethodAccessorImpl.invoke0(Native Method)
at sun.reflect.NativeMethodAccessorImpl.invoke(NativeMethodAccessorImpl.java:62)
at sun.reflect.DelegatingMethodAccessorImpl.invoke(DelegatingMethodAccessorImpl.java:43)
at java.lang.reflect.Method.invoke(Method.java:498)
at org.testng.internal.MethodInvocationHelper.invokeMethod(MethodInvocationHelper.java:124)
at org.testng.internal.Invoker.invokeMethod(Invoker.java:583)
at org.testng.internal.Invoker.invokeTestMethod(Invoker.java:719)
at org.testng.internal.Invoker.invokeTestMethods(Invoker.java:989)
at org.testng.internal.TestMethodWorker.invokeTestMethods(TestMethodWorker.java:125)
at org.testng.internal.TestMethodWorker.run(TestMethodWorker.java:109)
at org.testng.TestRunner.privateRun(TestRunner.java:648)
at org.testng.TestRunner.run(TestRunner.java:505)
at org.testng.SuiteRunner.runTest(SuiteRunner.java:455)
at org.testng.SuiteRunner.access$000(SuiteRunner.java:40)
at org.testng.SuiteRunner$SuiteWorker.run(SuiteRunner.java:489)
at org.testng.internal.thread.ThreadUtil$1.call(ThreadUtil.java:52)
at java.util.concurrent.FutureTask.run(FutureTask.java:266)
at java.util.concurrent.ThreadPoolExecutor.runWorker(ThreadPoolExecutor.java:1149)
at java.util.concurrent.ThreadPoolExecutor$Worker.run(ThreadPoolExecutor.java:624)
at java.lang.Thread.run(Thread.java:748)
]]>
            </full-stacktrace>
          </exception> <!-- java.lang.AssertionError -->
          <reporter-output>
          </reporter-output>
        </test-method> <!-- registerNewCustomer -->
        <test-method status="PASS" signature="tearDown()[pri:0, instance:com.epam.tests.CreateNewCustomer_002@6cf0e0ba]" name="tearDown" is-config="true" duration-ms="95" started-at="2019-11-28T07:11:02Z" finished-at="2019-11-28T07:11:02Z">
          <reporter-output>
          </reporter-output>
        </test-method> <!-- tearDown -->
      </class> <!-- com.epam.tests.CreateNewCustomer_002 -->
    </test> <!-- Test1 -->
  </suite> <!-- Suite -->
</testng-results>
